<?xml version="1.0" encoding="UTF-8"?>
<!-- Generated by org.testng.reporters.JUnitReportReporter -->
<testsuite hostname="ABHISHEK-K-H-96" failures="0" tests="4" name="org.tyss.university.modules.DeleteUniversityNameTest" time="0.142" errors="0" timestamp="2024-11-14T18:30:05 IST" skipped="0">
  <testcase classname="org.tyss.university.modules.DeleteUniversityNameTest" name="DeleteUniversityName" time="0.040"/>
  <system-out/>
  <testcase classname="org.tyss.university.modules.DeleteUniversityNameTest" name="validateDeleteForUnauthorization" time="0.039"/>
  <system-out/>
  <testcase classname="org.tyss.university.modules.DeleteUniversityNameTest" name="validateDeleteForNotFoundRequest" time="0.025"/>
  <system-out/>
  <testcase classname="org.tyss.university.modules.DeleteUniversityNameTest" name="validateDeleteForNotValidRequest" time="0.038"/>
  <system-out/>
</testsuite> <!-- org.tyss.university.modules.DeleteUniversityNameTest -->
