<?xml version="1.0" encoding="UTF-8"?>
<!-- Generated by org.testng.reporters.JUnitReportReporter -->
<testsuite hostname="ABHISHEK-K-H-96" failures="0" tests="2" name="org.tyss.university.modules.PutUniversity413Test" time="0.080" errors="0" timestamp="2024-11-14T18:30:05 IST" skipped="0">
  <testcase classname="org.tyss.university.modules.PutUniversity413Test" name="updateUniversity413" time="0.043"/>
  <system-out/>
  <testcase classname="org.tyss.university.modules.PutUniversity413Test" name="validateUpdateForUnauthorization" time="0.037"/>
  <system-out/>
</testsuite> <!-- org.tyss.university.modules.PutUniversity413Test -->
