<?xml version="1.0" encoding="UTF-8"?>
<!-- Generated by org.testng.reporters.JUnitReportReporter -->
<testsuite hostname="ABHISHEK-K-H-96" failures="0" tests="2" name="org.tyss.university.modules.GetUniversitiesTest" time="0.166" errors="0" timestamp="2024-11-14T18:30:05 IST" skipped="0">
  <testcase classname="org.tyss.university.modules.GetUniversitiesTest" name="GetUniversities" time="0.135"/>
  <system-out/>
  <testcase classname="org.tyss.university.modules.GetUniversitiesTest" name="validateGetForUnauthorization" time="0.031"/>
  <system-out/>
</testsuite> <!-- org.tyss.university.modules.GetUniversitiesTest -->
