<?xml version="1.0" encoding="UTF-8"?>
<!-- Generated by org.testng.reporters.JUnitReportReporter -->
<testsuite hostname="ABHISHEK-K-H-96" failures="0" tests="3" name="org.tyss.university.modules.GetUniversity247Test" time="0.137" errors="0" timestamp="2024-11-14T18:30:05 IST" skipped="0">
  <testcase classname="org.tyss.university.modules.GetUniversity247Test" name="GetUniversity247" time="0.085"/>
  <system-out/>
  <testcase classname="org.tyss.university.modules.GetUniversity247Test" name="validateGetForUnauthorization" time="0.031"/>
  <system-out/>
  <testcase classname="org.tyss.university.modules.GetUniversity247Test" name="validateGetForNotFoundRequest" time="0.021"/>
  <system-out/>
</testsuite> <!-- org.tyss.university.modules.GetUniversity247Test -->
