<?xml version="1.0" encoding="UTF-8"?>
<!-- Generated by org.testng.reporters.JUnitReportReporter -->
<testsuite hostname="ABHISHEK-K-H-96" failures="0" tests="4" name="org.tyss.university.modules.GetUniversityNameTest" time="4.181" errors="0" timestamp="2024-11-14T18:30:05 IST" skipped="0">
  <testcase classname="org.tyss.university.modules.GetUniversityNameTest" name="getUniversityName" time="3.994"/>
  <system-out/>
  <testcase classname="org.tyss.university.modules.GetUniversityNameTest" name="validateGetUniversityNameForBadRequest" time="0.079"/>
  <system-out/>
  <testcase classname="org.tyss.university.modules.GetUniversityNameTest" name="validateGetUniversityNameForUnauthorized" time="0.047"/>
  <system-out/>
  <testcase classname="org.tyss.university.modules.GetUniversityNameTest" name="validateGetUniversityNameForNotFound" time="0.061"/>
  <system-out/>
</testsuite> <!-- org.tyss.university.modules.GetUniversityNameTest -->
