<?xml version="1.0" encoding="UTF-8"?>
<!-- Generated by org.testng.reporters.JUnitReportReporter -->
<testsuite hostname="ABHISHEK-K-H-96" failures="0" tests="3" name="org.tyss.university.modules.PostUniversityTest" time="0.145" errors="0" timestamp="2024-11-14T18:30:05 IST" skipped="0">
  <testcase classname="org.tyss.university.modules.PostUniversityTest" name="createUniversityWithPost" time="0.060"/>
  <system-out/>
  <testcase classname="org.tyss.university.modules.PostUniversityTest" name="validatePostForUnauthorization" time="0.050"/>
  <system-out/>
  <testcase classname="org.tyss.university.modules.PostUniversityTest" name="validatePostForNotFoundRequest" time="0.035"/>
  <system-out/>
</testsuite> <!-- org.tyss.university.modules.PostUniversityTest -->
